[    0.000000] Initializing cgroup subsys cpuset
[    0.000000] Initializing cgroup subsys cpu
[    0.000000] Initializing cgroup subsys cpuacct
[    0.000000] Linux version 4.4.0-59-generic (buildd@lgw01-11) (gcc version 5.4.0 20160609 (Ubuntu 5.4.0-6ubuntu1~16.04.4) ) #80-Ubuntu SMP Fri Jan 6 17:47:47 UTC 2017 (Ubuntu 4.4.0-59.80-generic 4.4.35)
[    0.000000] Command line: BOOT_IMAGE=/boot/vmlinuz-4.4.0-59-generic root=UUID=19a60251-6472-4ee3-91eb-4a69baf7ad9c ro console=tty1 console=ttyS0
[    0.000000] KERNEL supported cpus:
[    0.000000]   Intel GenuineIntel
[    0.000000]   AMD AuthenticAMD
[    0.000000]   Centaur CentaurHauls
[    0.000000] x86/fpu: xstate_offset[2]:  576, xstate_sizes[2]:  256
[    0.000000] x86/fpu: Supporting XSAVE feature 0x01: 'x87 floating point registers'
[    0.000000] x86/fpu: Supporting XSAVE feature 0x02: 'SSE registers'
[    0.000000] x86/fpu: Supporting XSAVE feature 0x04: 'AVX registers'
[    0.000000] x86/fpu: Enabled xstate features 0x7, context size is 832 bytes, using 'standard' format.
[    0.000000] x86/fpu: Using 'lazy' FPU context switches.
[    0.000000] e820: BIOS-provided physical RAM map:
[    0.000000] BIOS-e820: [mem 0x0000000000000000-0x000000000009fbff] usable
[    0.000000] BIOS-e820: [mem 0x000000000009fc00-0x000000000009ffff] reserved
[    0.000000] BIOS-e820: [mem 0x00000000000f0000-0x00000000000fffff] reserved
[    0.000000] BIOS-e820: [mem 0x0000000000100000-0x000000007ffeffff] usable
[    0.000000] BIOS-e820: [mem 0x000000007fff0000-0x000000007fffffff] ACPI data
[    0.000000] BIOS-e820: [mem 0x00000000fec00000-0x00000000fec00fff] reserved
[    0.000000] BIOS-e820: [mem 0x00000000fee00000-0x00000000fee00fff] reserved
[    0.000000] BIOS-e820: [mem 0x00000000fffc0000-0x00000000ffffffff] reserved
[    0.000000] NX (Execute Disable) protection: active
[    0.000000] SMBIOS 2.5 present.
[    0.000000] Hypervisor detected: KVM
[    0.000000] e820: last_pfn = 0x7fff0 max_arch_pfn = 0x400000000
[    0.000000] MTRR: Disabled
[    0.000000] x86/PAT: MTRRs disabled, skipping PAT initialization too.
[    0.000000] x86/PAT: Configuration [0-7]: WB  WT  UC- UC  WB  WT  UC- UC  
[    0.000000] CPU MTRRs all blank - virtualized system.
[    0.000000] found SMP MP-table at [mem 0x0009fff0-0x0009ffff] mapped at [ffff88000009fff0]
[    0.000000] Scanning 1 areas for low memory corruption
[    0.000000] RAMDISK: [mem 0x3630e000-0x3717efff]
[    0.000000] ACPI: Early table checksum verification disabled
[    0.000000] ACPI: RSDP 0x00000000000E0000 000024 (v02 VBOX  )
[    0.000000] ACPI: XSDT 0x000000007FFF0030 00003C (v01 VBOX   VBOXXSDT 00000001 ASL  00000061)
[    0.000000] ACPI: FACP 0x000000007FFF00F0 0000F4 (v04 VBOX   VBOXFACP 00000001 ASL  00000061)
[    0.000000] ACPI: DSDT 0x000000007FFF0470 00210F (v01 VBOX   VBOXBIOS 00000002 INTL 20100528)
[    0.000000] ACPI: FACS 0x000000007FFF0200 000040
[    0.000000] ACPI: FACS 0x000000007FFF0200 000040
[    0.000000] ACPI: APIC 0x000000007FFF0240 000054 (v02 VBOX   VBOXAPIC 00000001 ASL  00000061)
[    0.000000] ACPI: SSDT 0x000000007FFF02A0 0001CC (v01 VBOX   VBOXCPUT 00000002 INTL 20100528)
[    0.000000] No NUMA configuration found
[    0.000000] Faking a node at [mem 0x0000000000000000-0x000000007ffeffff]
[    0.000000] NODE_DATA(0) allocated [mem 0x7ffeb000-0x7ffeffff]
[    0.000000] kvm-clock: Using msrs 4b564d01 and 4b564d00
[    0.000000] kvm-clock: cpu 0, msr 0:7ffe3001, primary cpu clock
[    0.000000] kvm-clock: using sched offset of 3067753135 cycles
[    0.000000] clocksource: kvm-clock: mask: 0xffffffffffffffff max_cycles: 0x1cd42e4dffb, max_idle_ns: 881590591483 ns
[    0.000000] Zone ranges:
[    0.000000]   DMA      [mem 0x0000000000001000-0x0000000000ffffff]
[    0.000000]   DMA32    [mem 0x0000000001000000-0x000000007ffeffff]
[    0.000000]   Normal   empty
[    0.000000]   Device   empty
[    0.000000] Movable zone start for each node
[    0.000000] Early memory node ranges
[    0.000000]   node   0: [mem 0x0000000000001000-0x000000000009efff]
[    0.000000]   node   0: [mem 0x0000000000100000-0x000000007ffeffff]
[    0.000000] Initmem setup node 0 [mem 0x0000000000001000-0x000000007ffeffff]
[    0.000000] ACPI: PM-Timer IO Port: 0x4008
[    0.000000] IOAPIC[0]: apic_id 1, version 32, address 0xfec00000, GSI 0-23
[    0.000000] ACPI: INT_SRC_OVR (bus 0 bus_irq 0 global_irq 2 dfl dfl)
[    0.000000] ACPI: INT_SRC_OVR (bus 0 bus_irq 9 global_irq 9 high level)
[    0.000000] Using ACPI (MADT) for SMP configuration information
[    0.000000] smpboot: Allowing 1 CPUs, 0 hotplug CPUs
[    0.000000] PM: Registered nosave memory: [mem 0x00000000-0x00000fff]
[    0.000000] PM: Registered nosave memory: [mem 0x0009f000-0x0009ffff]
[    0.000000] PM: Registered nosave memory: [mem 0x000a0000-0x000effff]
[    0.000000] PM: Registered nosave memory: [mem 0x000f0000-0x000fffff]
[    0.000000] e820: [mem 0x80000000-0xfebfffff] available for PCI devices
[    0.000000] Booting paravirtualized kernel on KVM
[    0.000000] clocksource: refined-jiffies: mask: 0xffffffff max_cycles: 0xffffffff, max_idle_ns: 7645519600211568 ns
[    0.000000] setup_percpu: NR_CPUS:512 nr_cpumask_bits:512 nr_cpu_ids:1 nr_node_ids:1
[    0.000000] PERCPU: Embedded 33 pages/cpu @ffff88007fc00000 s98264 r8192 d28712 u2097152
[    0.000000] PV qspinlock hash table entries: 256 (order: 0, 4096 bytes)
[    0.000000] Built 1 zonelists in Node order, mobility grouping on.  Total pages: 515961
[    0.000000] Policy zone: DMA32
[    0.000000] Kernel command line: BOOT_IMAGE=/boot/vmlinuz-4.4.0-59-generic root=UUID=19a60251-6472-4ee3-91eb-4a69baf7ad9c ro console=tty1 console=ttyS0
[    0.000000] PID hash table entries: 4096 (order: 3, 32768 bytes)
[    0.000000] Memory: 2030116K/2096696K available (8436K kernel code, 1291K rwdata, 3960K rodata, 1488K init, 1316K bss, 66580K reserved, 0K cma-reserved)
[    0.000000] SLUB: HWalign=64, Order=0-3, MinObjects=0, CPUs=1, Nodes=1
[    0.000000] Hierarchical RCU implementation.
[    0.000000] 	Build-time adjustment of leaf fanout to 64.
[    0.000000] 	RCU restricting CPUs from NR_CPUS=512 to nr_cpu_ids=1.
[    0.000000] RCU: Adjusting geometry for rcu_fanout_leaf=64, nr_cpu_ids=1
[    0.000000] NR_IRQS:33024 nr_irqs:256 16
[    0.000000] Console: colour VGA+ 80x25
[    0.000000] console [tty1] enabled
[    0.000000] console [ttyS0] enabled
[    0.000000] tsc: Detected 3398.030 MHz processor
[    3.405452] Calibrating delay loop (skipped) preset value.. 6796.06 BogoMIPS (lpj=13592120)
[    3.406553] pid_max: default: 32768 minimum: 301
[    3.407145] ACPI: Core revision 20150930
[    3.408353] ACPI: 2 ACPI AML tables successfully acquired and loaded
[    3.446329] Security Framework initialized
[    3.446890] Yama: becoming mindful.
[    3.447401] AppArmor: AppArmor initialized
[    3.452290] Dentry cache hash table entries: 262144 (order: 9, 2097152 bytes)
[    3.455387] Inode-cache hash table entries: 131072 (order: 8, 1048576 bytes)
[    3.456299] Mount-cache hash table entries: 4096 (order: 3, 32768 bytes)
[    3.457095] Mountpoint-cache hash table entries: 4096 (order: 3, 32768 bytes)
[    3.458019] Initializing cgroup subsys io
[    3.458560] Initializing cgroup subsys memory
[    3.459127] Initializing cgroup subsys devices
[    3.461664] Initializing cgroup subsys freezer
[    3.462248] Initializing cgroup subsys net_cls
[    3.462860] Initializing cgroup subsys perf_event
[    3.464245] Initializing cgroup subsys net_prio
[    3.464829] Initializing cgroup subsys hugetlb
[    3.465407] Initializing cgroup subsys pids
[    3.466073] CPU: Physical Processor ID: 0
[    3.467347] mce: CPU supports 0 MCE banks
[    3.467940] process: using mwait in idle threads
[    3.468550] Last level iTLB entries: 4KB 1024, 2MB 1024, 4MB 1024
[    3.469266] Last level dTLB entries: 4KB 1024, 2MB 1024, 4MB 1024, 1GB 4
[    3.487355] Freeing SMP alternatives memory: 32K (ffffffff820b8000 - ffffffff820c0000)
[    3.652278] ftrace: allocating 32064 entries in 126 pages
[    3.757630] smpboot: APIC(0) Converting physical 0 to logical package 0
[    3.914132] smpboot: Max logical packages: 1
[    3.952532] x2apic enabled
[    4.001215] Switched APIC routing to physical x2apic.
[    4.023562] ..TIMER: vector=0x30 apic1=0 pin1=2 apic2=-1 pin2=-1
[    4.129607] smpboot: CPU0: Intel(R) Core(TM) i5-4670 CPU @ 3.40GHz (family: 0x6, model: 0x3c, stepping: 0x3)
[    4.142951] Performance Events: unsupported p6 CPU model 60 no PMU driver, software events only.
[    4.144245] KVM setup paravirtual spinlock
[    4.145310] x86: Booted up 1 node, 1 CPUs
[    4.145912] smpboot: Total of 1 processors activated (6796.06 BogoMIPS)
[    4.146898] devtmpfs: initialized
[    4.148487] evm: security.selinux
[    4.149068] evm: security.SMACK64
[    4.157704] evm: security.SMACK64EXEC
[    4.171693] evm: security.SMACK64TRANSMUTE
[    4.173933] evm: security.SMACK64MMAP
[    4.174496] evm: security.ima
[    4.174947] evm: security.capability
[    4.175611] clocksource: jiffies: mask: 0xffffffff max_cycles: 0xffffffff, max_idle_ns: 7645041785100000 ns
[    4.176876] pinctrl core: initialized pinctrl subsystem
[    4.177625] RTC time: 17:49:50, date: 01/25/17
[    4.178326] NET: Registered protocol family 16
[    4.179050] cpuidle: using governor ladder
[    4.179607] cpuidle: using governor menu
[    4.180147] PCCT header not found.
[    4.180677] ACPI: bus type PCI registered
[    4.193322] acpiphp: ACPI Hot Plug PCI Controller Driver version: 0.5
[    4.194233] PCI: Using configuration type 1 for base access
[    4.195769] ACPI: Added _OSI(Module Device)
[    4.196342] ACPI: Added _OSI(Processor Device)
[    4.197135] ACPI: Added _OSI(3.0 _SCP Extensions)
[    4.219443] ACPI: Added _OSI(Processor Aggregator Device)
[    4.249158] ACPI: Executed 1 blocks of module-level executable AML code
[    4.255393] ACPI: Interpreter enabled
[    4.264221] ACPI: (supports S0 S5)
[    4.269734] ACPI: Using IOAPIC for interrupt routing
[    4.270532] PCI: Using host bridge windows from ACPI; if necessary, use "pci=nocrs" and report a bug
[    4.276291] ACPI: PCI Root Bridge [PCI0] (domain 0000 [bus 00-ff])
[    4.282895] acpi PNP0A03:00: _OSC: OS supports [ASPM ClockPM Segments MSI]
[    4.292242] acpi PNP0A03:00: _OSC failed (AE_NOT_FOUND); disabling ASPM
[    4.293065] acpi PNP0A03:00: fail to add MMCONFIG information, can't access extended PCI configuration space under this bridge.
[    4.303480] PCI host bridge to bus 0000:00
[    4.305281] pci_bus 0000:00: root bus resource [io  0x0000-0x0cf7 window]
[    4.306104] pci_bus 0000:00: root bus resource [io  0x0d00-0xffff window]
[    4.312824] pci_bus 0000:00: root bus resource [mem 0x000a0000-0x000bffff window]
[    4.316833] pci_bus 0000:00: root bus resource [mem 0x80000000-0xffdfffff window]
[    4.324339] pci_bus 0000:00: root bus resource [bus 00-ff]
[    4.326348] pci 0000:00:01.1: legacy IDE quirk: reg 0x10: [io  0x01f0-0x01f7]
[    4.329667] pci 0000:00:01.1: legacy IDE quirk: reg 0x14: [io  0x03f6]
[    4.330466] pci 0000:00:01.1: legacy IDE quirk: reg 0x18: [io  0x0170-0x0177]
[    4.331336] pci 0000:00:01.1: legacy IDE quirk: reg 0x1c: [io  0x0376]
[    4.387499] pci 0000:00:07.0: quirk: [io  0x4000-0x403f] claimed by PIIX4 ACPI
[    4.397021] pci 0000:00:07.0: quirk: [io  0x4100-0x410f] claimed by PIIX4 SMB
[    4.418134] ACPI: PCI Interrupt Link [LNKA] (IRQs 5 9 10 *11)
[    4.442199] ACPI: PCI Interrupt Link [LNKB] (IRQs 5 9 10 *11)
[    4.454986] ACPI: PCI Interrupt Link [LNKC] (IRQs 5 9 *10 11)
[    4.460653] ACPI: PCI Interrupt Link [LNKD] (IRQs 5 *9 10 11)
[    4.474164] ACPI: Enabled 2 GPEs in block 00 to 07
[    4.481701] vgaarb: setting as boot device: PCI:0000:00:02.0
[    4.485135] vgaarb: device added: PCI:0000:00:02.0,decodes=io+mem,owns=io+mem,locks=none
[    4.490585] vgaarb: loaded
[    4.495020] vgaarb: bridge control possible 0000:00:02.0
[    4.495887] SCSI subsystem initialized
[    4.496495] ACPI: bus type USB registered
[    4.497075] usbcore: registered new interface driver usbfs
[    4.497788] usbcore: registered new interface driver hub
[    4.500875] usbcore: registered new device driver usb
[    4.504868] PCI: Using ACPI for IRQ routing
[    4.514970] NetLabel: Initializing
[    4.515484] NetLabel:  domain hash size = 128
[    4.516092] NetLabel:  protocols = UNLABELED CIPSOv4
[    4.516751] NetLabel:  unlabeled traffic allowed by default
[    4.517520] amd_nb: Cannot enumerate AMD northbridges
[    4.522620] clocksource: Switched to clocksource kvm-clock
[    4.531386] AppArmor: AppArmor Filesystem Enabled
[    4.543134] pnp: PnP ACPI init
[    4.544156] pnp: PnP ACPI: found 3 devices
[    4.549932] clocksource: acpi_pm: mask: 0xffffff max_cycles: 0xffffff, max_idle_ns: 2085701024 ns
[    4.568187] NET: Registered protocol family 2
[    4.603969] TCP established hash table entries: 16384 (order: 5, 131072 bytes)
[    4.612808] TCP bind hash table entries: 16384 (order: 6, 262144 bytes)
[    4.613684] TCP: Hash tables configured (established 16384 bind 16384)
[    4.621574] UDP hash table entries: 1024 (order: 3, 32768 bytes)
[    4.622354] UDP-Lite hash table entries: 1024 (order: 3, 32768 bytes)
[    4.623186] NET: Registered protocol family 1
[    4.623764] pci 0000:00:00.0: Limiting direct PCI/PCI transfers
[    4.624766] pci 0000:00:01.0: Activating ISA DMA hang workarounds
[    4.625628] Trying to unpack rootfs image as initramfs...
[    4.846367] Freeing initrd memory: 14788K (ffff88003630e000 - ffff88003717f000)
[    4.949884] RAPL PMU detected, API unit is 2^-32 Joules, 4 fixed counters 10737418240 ms ovfl timer
[    5.046164] hw unit of domain pp0-core 2^-0 Joules
[    5.101943] hw unit of domain package 2^-0 Joules
[    5.146878] hw unit of domain dram 2^-0 Joules
[    5.147474] hw unit of domain pp1-gpu 2^-0 Joules
[    5.148147] platform rtc_cmos: registered platform RTC device (no PNP device found)
[    5.149189] Scanning for low memory corruption every 60 seconds
[    5.150123] futex hash table entries: 256 (order: 2, 16384 bytes)
[    5.150906] audit: initializing netlink subsys (disabled)
[    5.151661] audit: type=2000 audit(1485366591.338:1): initialized
[    5.155332] Initialise system trusted keyring
[    5.164588] HugeTLB registered 2 MB page size, pre-allocated 0 pages
[    5.166260] zbud: loaded
[    5.166799] VFS: Disk quotas dquot_6.6.0
[    5.172364] VFS: Dquot-cache hash table entries: 512 (order 0, 4096 bytes)
[    5.187074] squashfs: version 4.0 (2009/01/31) Phillip Lougher
[    5.187976] fuse init (API version 7.23)
[    5.188604] Key type big_key registered
[    5.189158] Allocating IMA MOK and blacklist keyrings.
[    5.189952] Key type asymmetric registered
[    5.190534] Asymmetric key parser 'x509' registered
[    5.191206] Block layer SCSI generic (bsg) driver version 0.4 loaded (major 249)
[    5.192223] io scheduler noop registered
[    5.196628] io scheduler deadline registered (default)
[    5.197299] io scheduler cfq registered
[    5.197893] pci_hotplug: PCI Hot Plug PCI Core version: 0.5
[    5.198586] pciehp: PCI Express Hot Plug Controller Driver version: 0.4
[    5.199505] ACPI: AC Adapter [AC] (on-line)
[    5.200113] input: Power Button as /devices/LNXSYSTM:00/LNXPWRBN:00/input/input0
[    5.201134] ACPI: Power Button [PWRF]
[    5.213516] input: Sleep Button as /devices/LNXSYSTM:00/LNXSLPBN:00/input/input1
[    5.214584] ACPI: Sleep Button [SLPF]
[    5.222056] GHES: HEST is not enabled!
[    5.222687] Serial: 8250/16550 driver, 32 ports, IRQ sharing enabled
[    5.244897] 00:02: ttyS0 at I/O 0x3f8 (irq = 4, base_baud = 115200) is a 16550A
[    5.248685] Linux agpgart interface v0.103
[    5.250340] brd: module loaded
[    5.251335] loop: module loaded
[    5.252161] scsi host0: ata_piix
[    5.252670] scsi host1: ata_piix
[    5.260016] ata1: PATA max UDMA/33 cmd 0x1f0 ctl 0x3f6 bmdma 0xd000 irq 14
[    5.260805] ata2: PATA max UDMA/33 cmd 0x170 ctl 0x376 bmdma 0xd008 irq 15
[    5.261839] libphy: Fixed MDIO Bus: probed
[    5.262384] tun: Universal TUN/TAP device driver, 1.6
[    5.263064] tun: (C) 1999-2004 Max Krasnyansky <maxk@qualcomm.com>
[    5.307054] PPP generic driver version 2.4.2
[    5.405074] ehci_hcd: USB 2.0 'Enhanced' Host Controller (EHCI) Driver
[    5.405953] ehci-pci: EHCI PCI platform driver
[    5.406580] ehci-platform: EHCI generic platform driver
[    5.444778] ohci_hcd: USB 1.1 'Open' Host Controller (OHCI) Driver
[    5.447849] ohci-pci: OHCI PCI platform driver
[    5.481646] ohci-platform: OHCI generic platform driver
[    5.482337] uhci_hcd: USB Universal Host Controller Interface driver
[    5.484650] i8042: PNP: PS/2 Controller [PNP0303:PS2K,PNP0f03:PS2M] at 0x60,0x64 irq 1,12
[    5.490002] serio: i8042 KBD port at 0x60,0x64 irq 1
[    5.490668] serio: i8042 AUX port at 0x60,0x64 irq 12
[    5.491431] mousedev: PS/2 mouse device common for all mice
[    5.492315] input: AT Translated Set 2 keyboard as /devices/platform/i8042/serio0/input/input2
[    5.493760] rtc_cmos rtc_cmos: rtc core: registered rtc_cmos as rtc0
[    5.495769] rtc_cmos rtc_cmos: alarms up to one day, 114 bytes nvram
[    5.512237] i2c /dev entries driver
[    5.512791] device-mapper: uevent: version 1.0.3
[    5.542385] device-mapper: ioctl: 4.34.0-ioctl (2015-10-28) initialised: dm-devel@redhat.com
[    5.543489] ledtrig-cpu: registered to indicate activity on CPUs
[    5.575614] NET: Registered protocol family 10
[    5.576284] NET: Registered protocol family 17
[    5.576911] Key type dns_resolver registered
[    5.577564] microcode: CPU0 sig=0x306c3, pf=0x40, revision=0x0
[    5.578298] microcode: Microcode Update Driver: v2.01 <tigran@aivazian.fsnet.co.uk>, Peter Oruba
[    5.579524] registered taskstats version 1
[    5.580131] Loading compiled-in X.509 certificates
[    5.581223] Loaded X.509 cert 'Build time autogenerated kernel key: 6ffa6bfaa152a74cd2b6aa1e188cb999d8f5632b'
[    5.588440] zswap: loaded using pool lzo/zbud
[    5.589882] Key type trusted registered
[    5.591858] Key type encrypted registered
[    5.631495] AppArmor: AppArmor sha1 policy hashing enabled
[    5.751142] ima: No TPM chip found, activating TPM-bypass!
[    5.751853] evm: HMAC attrs: 0x1
[    5.752511]   Magic number: 1:439:846
[    5.753081] rtc_cmos rtc_cmos: setting system clock to 2017-01-25 17:49:51 UTC (1485366591)
[    5.754204] BIOS EDD facility v0.16 2004-Jun-25, 0 devices found
[    5.754939] EDD information not available.
[    5.758323] Freeing unused kernel memory: 1488K (ffffffff81f44000 - ffffffff820b8000)
[    5.759365] Write protecting the kernel read-only data: 14336k
[    5.760308] Freeing unused kernel memory: 1792K (ffff880001840000 - ffff880001a00000)
[    5.761563] Freeing unused kernel memory: 136K (ffff880001dde000 - ffff880001e00000)
Loading, please wait...
starting version[    5.769677] random: udevadm: uninitialized urandom read (16 bytes read, 2 bits of entropy available)
 229
[    5.772932] random: systemd-udevd: uninitialized urandom read (16 bytes read, 2 bits of entropy available)
[    5.774151] random: systemd-udevd: uninitialized urandom read (16 bytes read, 2 bits of entropy available)
[    5.775416] random: systemd-udevd: uninitialized urandom read (16 bytes read, 2 bits of entropy available)
[    5.778392] random: systemd-udevd: uninitialized urandom read (16 bytes read, 2 bits of entropy available)
[    5.779645] random: udevadm: uninitialized urandom read (16 bytes read, 2 bits of entropy available)
[    5.780879] random: udevadm: uninitialized urandom read (16 bytes read, 2 bits of entropy available)
[    5.784071] random: udevadm: uninitialized urandom read (16 bytes read, 2 bits of entropy available)
[    5.786833] random: udevadm: uninitialized urandom read (16 bytes read, 2 bits of entropy available)
[    5.788113] random: udevadm: uninitialized urandom read (16 bytes read, 2 bits of entropy available)
[    5.967063] e1000: Intel(R) PRO/1000 Network Driver - version 7.3.21-k8-NAPI
[    6.095719] e1000: Copyright (c) 1999-2006 Intel Corporation.
[    6.103810] Fusion MPT base driver 3.04.20
[    6.192717] Copyright (c) 1999-2008 LSI Corporation
[    6.339515] tsc: Refined TSC clocksource calibration: 3396.446 MHz
[    6.401612] clocksource: tsc: mask: 0xffffffffffffffff max_cycles: 0x30f531096d6, max_idle_ns: 440795254517 ns
[    6.427089] AVX version of gcm_enc/dec engaged.
[    6.504575] AES CTR mode by8 optimization enabled
[    6.564626] Fusion MPT SPI Host driver 3.04.20
[    6.607857] input: ImExPS/2 Generic Explorer Mouse as /devices/platform/i8042/serio1/input/input4
[    6.941276] e1000 0000:00:03.0 eth0: (PCI:33MHz:32-bit) 02:58:f3:11:f2:f2
[    7.087914] e1000 0000:00:03.0 eth0: Intel(R) PRO/1000 Network Connection
[    7.276442] e1000 0000:00:03.0 enp0s3: renamed from eth0
[    7.379050] mptbase: ioc0: Initiating bringup
[    7.507287] ioc0: LSI53C1030 A0: Capabilities={Initiator}
[    7.737817] scsi host2: ioc0: LSI53C1030 A0, FwRev=00000000h, Ports=1, MaxQ=256, IRQ=20
[    7.943973] scsi 2:0:0:0: Direct-Access     VBOX     HARDDISK         1.0  PQ: 0 ANSI: 5
[    8.201525] scsi target2:0:0: Beginning Domain Validation
[    8.328301] scsi target2:0:0: Domain Validation skipping write tests
[    8.336037] scsi target2:0:0: Ending Domain Validation
[    8.482058] scsi target2:0:0: asynchronous
[    8.582841] scsi 2:0:1:0: Direct-Access     VBOX     HARDDISK         1.0  PQ: 0 ANSI: 5
[    8.583888] scsi target2:0:1: Beginning Domain Validation
[    8.584935] scsi target2:0:1: Domain Validation skipping write tests
[    8.585680] scsi target2:0:1: Ending Domain Validation
[    8.586364] scsi target2:0:1: asynchronous
[    8.589043] sd 2:0:0:0: Attached scsi generic sg0 type 0
[    8.591661] sd 2:0:0:0: [sda] 20971520 512-byte logical blocks: (10.7 GB/10.0 GiB)
[    8.599804] sd 2:0:1:0: Attached scsi generic sg1 type 0
[    8.663240] sd 2:0:1:0: [sdb] 20480 512-byte logical blocks: (10.5 MB/10.0 MiB)
[    8.826229] sd 2:0:0:0: [sda] Write Protect is off
[    8.826945] sd 2:0:0:0: [sda] Incomplete mode parameter data
[    8.827648] sd 2:0:0:0: [sda] Assuming drive cache: write through
[    8.828828] sd 2:0:1:0: [sdb] Write Protect is off
[    8.829543] sd 2:0:1:0: [sdb] Incomplete mode parameter data
[    8.830278] sd 2:0:1:0: [sdb] Assuming drive cache: write through
[    8.840614]  sda: sda1
[    8.847973] sd 2:0:0:0: [sda] Attached SCSI disk
[    8.848880] sd 2:0:1:0: [sdb] Attached SCSI disk
[    9.523553] floppy0: no floppy controllers found
Begin: Loading e[   10.833452] md: linear personality registered for level -1
ssential drivers ... [   10.909485] md: multipath personality registered for level -4
[   10.911701] md: raid0 personality registered for level 0
[   10.923625] md: raid1 personality registered for level 1
[   10.994781] raid6: sse2x1   gen() 11577 MB/s
[   11.154856] raid6: sse2x1   xor()  8799 MB/s
[   11.326824] raid6: sse2x2   gen() 14138 MB/s
[   11.507101] raid6: sse2x2   xor()  9741 MB/s
[   11.715004] raid6: sse2x4   gen() 16911 MB/s
[   11.810969] raid6: sse2x4   xor() 11085 MB/s
[   11.887484] raid6: using algorithm sse2x4 gen() 16911 MB/s
[   11.888153] raid6: .... xor() 11085 MB/s, rmw enabled
[   11.888799] raid6: using ssse3x2 recovery algorithm
[   11.890648] xor: automatically using best checksumming function:
[   11.931055]    avx       : 25174.000 MB/sec
[   11.952821] async_tx: api initialized (async)
[   11.976515] md: raid6 personality registered for level 6
[   11.984063] md: raid5 personality registered for level 5
[   11.984761] md: raid4 personality registered for level 4
[   11.989098] md: raid10 personality registered for level 10
done.
Begin: Running /scripts/init-premount ... done.
Begin: Mountin[   12.026793] Btrfs loaded
g root file system ... Begin: Running /scripts/local-top ... done.
Begin: Running /scripts/local-premount ... Scanning for Btrfs filesystems
done.
Warning: fsck no[   12.065848] EXT4-fs (sda1): mounted filesystem with ordered data mode. Opts: (null)
t present, so skipping root file system
done.
Begin: Running /scripts/local-bottom ... done.
Begin: Running /scripts/init-bottom ... Warning: overlayroot: debug is busted
done.
[   12.150834] systemd[1]: systemd 229 running in system mode. (+PAM +AUDIT +SELINUX +IMA +APPARMOR +SMACK +SYSVINIT +UTMP +LIBCRYPTSETUP +GCRYPT +GNUTLS +ACL +XZ -LZ4 +SECCOMP +BLKID +ELFUTILS +KMOD -IDN)
[   12.225906] systemd[1]: Detected virtualization oracle.
[   12.226561] systemd[1]: Detected architecture x86-64.

Welcome to [1mUbuntu 16.04.1 LTS[0m!

[   12.231393] systemd[1]: Set hostname to <experteese>.
[   12.305222] systemd[1]: Listening on Device-mapper event daemon FIFOs.
[[0;32m  OK  [0m] Listening on Device-mapper event daemon FIFOs.
[   12.403153] systemd[1]: Listening on /dev/initctl Compatibility Named Pipe.
[[0;32m  OK  [0m] Listening on /dev/initctl Compatibility Named Pipe.
[   12.679480] systemd[1]: Listening on Syslog Socket.
[[0;32m  OK  [0m] Listening on Syslog Socket.
[   12.850775] systemd[1]: Reached target User and Group Name Lookups.
[[0;32m  OK  [0m] Reached target User and Group Name Lookups.
[   12.891520] systemd[1]: Listening on Journal Socket (/dev/log).
[[0;32m  OK  [0m] Listening on Journal Socket (/dev/log).
[   13.091221] systemd[1]: Listening on LVM2 poll daemon socket.
[[0;32m  OK  [0m] Listening on LVM2 poll daemon socket.
[   13.263229] systemd[1]: Reached target Encrypted Volumes.
[[0;32m  OK  [0m] Reached target Encrypted Volumes.
[   13.487468] systemd[1]: Listening on udev Kernel Socket.
[[0;32m  OK  [0m] Listening on udev Kernel Socket.
[   13.552619] systemd[1]: Reached target Swap.
[[0;32m  OK  [0m] Reached target Swap.
[   13.554225] systemd[1]: Created slice System Slice.
[[0;32m  OK  [0m] Created slice System Slice.
[   13.555928] systemd[1]: Created slice system-serial\x2dgetty.slice.
[[0;32m  OK  [0m] Created slice system-serial\x2dgetty.slice.
[   13.557741] systemd[1]: Set up automount Arbitrary Executable File Formats File System Automount Point.
[[0;32m  OK  [0m] Set up automount Arbitrary Executab...ats File System Automount Point.
[   13.560553] systemd[1]: Created slice User and Session Slice.
[[0;32m  OK  [0m] Created slice User and Session Slice.
[   13.562372] systemd[1]: Created slice system-postgresql.slice.
[[0;32m  OK  [0m] Created slice system-postgresql.slice.
[   13.564046] systemd[1]: Listening on LVM2 metadata daemon socket.
[[0;32m  OK  [0m] Listening on LVM2 metadata daemon socket.
[   13.580931] systemd[1]: Listening on Journal Audit Socket.
[[0;32m  OK  [0m] Listening on Journal Audit Socket.
[   13.582523] systemd[1]: Listening on udev Control Socket.
[[0;32m  OK  [0m] Listening on udev Control Socket.
[   13.584222] systemd[1]: Listening on Journal Socket.
[[0;32m  OK  [0m] Listening on Journal Socket.
[   13.586070] systemd[1]: Starting Nameserver information manager...
         Starting Nameserver information manager...
[   13.691197] systemd[1]: Starting Set console keymap...
         Starting Set console keymap...
[   13.804067] systemd[1]: Starting Journal Service...
         Starting Journal Service...
[   13.923537] systemd[1]: Mounting Huge Pages File System...
         Mounting Huge Pages File System...
[   14.073284] systemd[1]: Starting Create list of required static device nodes for the current kernel...
         Starting Create list of required st... nodes for the current kernel...
[   14.318450] systemd[1]: Starting Uncomplicated firewall...
         Starting Uncomplicated firewall...
[   14.328170] systemd[1]: Starting Load Kernel Modules...
         Starting Load Kernel Modules...
[   14.345764] systemd[1]: Mounting Debug File System...
[   14.406930] Loading iSCSI transport class v2.0-870.
         Mounting Debug F[   14.536158] iscsi: registered transport (tcp)
ile System...
[   14.579128] systemd[1]: Starting Monitoring of LVM2 mirrors, snapshots etc. using dmeventd or progress polling...
         Starting Monitoring of LVM2 mirrors... dmeventd or progress polling...
[   14.597663] systemd[1]: Reached target Slices.
[[0;32m  OK  [0m] Reached target Slices.
[   14.600296] systemd[1]: Started Forward Password Requests to Wall Directory Watch.
[[0;32m  OK  [0m] Started Forward Password Requests to Wall Directory Watch.
[   14.610269] systemd[1]: Starting Remount Root and Kernel File Systems...
[   14.612235] iscsi: registered transport (iser)
         Starting Remount Root and Kernel File Systems...
[   14.614877] systemd[1]: Mounting POSIX Message Queue File System...
[   14.793492] EXT4-fs (sda1): re-mounted. Opts: (null)
         Mounting POSIX Message Queue File System...
[   15.019663] systemd[1]: Mounted Debug File System.
[[0;32m  OK  [0m] Mounted Debug File System.
[   15.163273] systemd[1]: Mounted POSIX Message Queue File System.
[[0;32m  OK  [0m] Mounted POSIX Message Queue File System.
[   15.375172] systemd[1]: Mounted Huge Pages File System.
[[0;32m  OK  [0m] Mounted Huge Pages File System.
[   15.539161] systemd[1]: Started Journal Service.
[[0;32m  OK  [0m] Started Journal Service.
[[0;32m  OK  [0m] Started Set console keymap.
[[0;32m  OK  [0m] Started Create list of required sta...ce nodes for the current kernel.
[   15.576897] random: nonblocking pool is initialized
[[0;32m  OK  [0m] Started Uncomplicated firewall.
[[0;32m  OK  [0m] Started Load Kernel Modules.
[[0;32m  OK  [0m] Started Remount Root and Kernel File Systems.
[[0;32m  OK  [0m] Started Nameserver information manager.
[[0;32m  OK  [0m] Started LVM2 metadata daemon.
         Starting Load/Save Random Seed...
         Starting Initial cloud-init job (pre-networking)...
         Starting udev Coldplug all Devices...
         Mounting FUSE Control File System...
         Starting Apply Kernel Variables...
         Starting Create Static Device Nodes in /dev...
         Starting Flush Journal to Persistent Storage...
[[0;32m  OK  [0m] Mounted FUSE Control File System.
[[0;32m  OK  [0m] Started Load/Save Random Seed.
[[0;32m  OK  [0m] Started Apply Kernel Variables.
[[0;32m  OK  [0m] Started Create Static Device Nodes in /dev.
[[0;32m  OK  [0m] Started udev Coldplug all Devices.
[[0;32m  OK  [0m] Started Monitoring of LVM2 mirrors,...ng dmeventd or progress polling.
[[0;32m  OK  [0m] Started Flush Journal to Persistent Storage.
         Starting udev Kernel Device Manager...
[[0;32m  OK  [0m] Started udev Kernel Device Manager.
[[0;32m  OK  [0m] Reached target Local File Systems (Pre).
[[0;32m  OK  [0m] Reached target Local File Systems.
         Starting Tell Plymouth To Write Out Runtime Data...
         Starting Run snappy firstboot setup...
         Starting Set console font and keymap...
         Starting LSB: AppArmor initialization...
         Starting Create Volatile Files and Directories...
[[0;32m  OK  [0m] Started Dispatch Password Requests to Console Directory Watch.
[[0;32m  OK  [0m] Started Tell Plymouth To Write Out Runtime Data.
[[0;32m  OK  [0m] Started Create Volatile Files and Directories.
[[0;32m  OK  [0m] Reached target System Time Synchronized.
         Starting Update UTMP about System Boot/Shutdown...
[[0;32m  OK  [0m] Started Update UTMP about System Boot/Shutdown.
[[0;32m  OK  [0m] Started Run snappy firstboot setup.
[[0;32m  OK  [0m] Started LSB: AppArmor initialization.
[[0;32m  OK  [0m] Found device /dev/ttyS0.
[[0;32m  OK  [0m] Listening on Load/Save RF Kill Switch Status /dev/rfkill Watch.
[[0;32m  OK  [0m] Found device 82540EM Gigabit Ethern...r (PRO/1000 MT Desktop Adapter).
[   12.838855] cloud-init[490]: Cloud-init v. 0.7.8 running 'init-local' at Wed, 25 Jan 2017 17:50:02 +0000. Up 12.43 seconds.
[[0;32m  OK  [0m] Started Set console font and keymap.
[[0;32m  OK  [0m] Started Initial cloud-init job (pre-networking).
[[0;32m  OK  [0m] Reached target Network (Pre).
         Starting Raise network interfaces...
[[0;32m  OK  [0m] Started ifup for enp0s3.
[[0;32m  OK  [0m] Created slice system-getty.slice.
[[0;32m  OK  [0m] Started Raise network interfaces.
[[0;32m  OK  [0m] Reached target Network.
         Starting Initial cloud-init job (metadata service crawler)...
[   15.823014] cloud-init[1000]: Cloud-init v. 0.7.8 running 'init' at Wed, 25 Jan 2017 17:50:05 +0000. Up 15.59 seconds.
[   15.868803] cloud-init[1000]: ci-info: +++++++++++++++++++++++++++++++++++++Net device info++++++++++++++++++++++++++++++++++++++
[[0;32m  OK  [0m] Started Initial cloud-init job (metadata service crawler).
[[0;32m  OK  [0m] Reached target System Initialization.
[   15.883783] cloud-init[1000]: ci-info: +--------+------+----------------------------+---------------+-------+-------------------+
[   15.891266] cloud-init[1000]: ci-info: | Device |  Up  |          Address           |      Mask     | Scope |     Hw-Address    |
[   15.892779] cloud-init[1000]: ci-info: +--------+------+----------------------------+---------------+-------+-------------------+
[[0;32m  OK  [0m] Started Trigger resolvconf update for networkd DNS.
[   15.895489] cloud-init[1000]: ci-info: | enp0s3 | True |         10.0.2.15          | 255.255.255.0 |   .   | 02:58:f3:11:f2:f2 |
[[0;32m  OK  [0m] Started Daily apt activities.
[   15.903882] cloud-init[1000]: ci-info: | enp0s3 | True | fe80::58:f3ff:fe11:f2f2/64 |       .       |  link | 02:58:f3:11:f2:f2 |
[   15.913097] cloud-init[1000]: ci-info: |   lo   | True |         127.0.0.1          |   255.0.0.0   |   .   |         .         |
[[0;32m  OK  [0m] Listening on D-Bus System Message Bus Socket.
[   15.935269] cloud-init[1000]: ci-info: |   lo   | True |          ::1/128           |       .       |  host |         .         |
[   15.936791] cloud-init[1000]: ci-info: +--------+------+----------------------------+---------------+-------+-------------------+
         Starting LXD - unix socket.
[[0;32m  OK  [0m] Listening on UUID daemon activation socket.
[   15.940332] cloud-init[1000]: ci-info: +++++++++++++++++++++++++++Route IPv4 info++++++++++++++++++++++++++++
[   16.048420] cloud-init[1000]: ci-info: +-------+-------------+----------+---------------+-----------+-------+
[   16.148456] cloud-init[1000]: ci-info: | Route | Destination | Gateway  |    Genmask    | Interface | Flags |
[   16.258394] cloud-init[1000]: ci-info: +-------+-------------+----------+---------------+-----------+-------+
[   16.305234] cloud-init[1000]: ci-info: |   0   |   0.0.0.0   | 10.0.2.2 |    0.0.0.0    |   enp0s3  |   UG  |
[[0;32m  OK  [0m] Started ACPI Events Check.
[[0;32m  OK  [0m] Reached target Paths.
[   16.378453] cloud-init[1000]: ci-info: |   1   |   10.0.2.0  | 0.0.0.0  | 255.255.255.0 |   enp0s3  |   U   |
[   16.572586] cloud-init[1000]: ci-info: +-------+-------------+----------+---------------+-----------+-------+
[[0;32m  OK  [0m] Started Daily Cleanup of Temporary Directories.
         Starting Socket activation for snappy daemon.
[[0;32m  OK  [0m] Listening on ACPID Listen Socket.
[[0;32m  OK  [0m] Started Timer to automatically refresh installed snaps.
[[0;32m  OK  [0m] Reached target Timers.
[[0;32m  OK  [0m] Reached target Network is Online.
         Starting iSCSI initiator daemon (iscsid)...
[[0;32m  OK  [0m] Reached target Cloud-config availability.
[[0;32m  OK  [0m] Listening on LXD - unix socket.
[[0;32m  OK  [0m] Listening on Socket activation for snappy daemon.
[[0;32m  OK  [0m] Started iSCSI initiator daemon (iscsid).
         Starting Login to default iSCSI targets...
[[0;32m  OK  [0m] Reached target Sockets.
[[0;32m  OK  [0m] Reached target Basic System.
[[0;32m  OK  [0m] Started Deferred execution scheduler.
         Starting Accounts Service...
[[0;32m  OK  [0m] Started Snappy daemon.
[[0;32m  OK  [0m] Started D-Bus System Message Bus.
         Starting Apply the settings specified in cloud-config...
         Starting /etc/rc.local Compatibility...
         Starting System Logging Service...
         Starting PostgreSQL Cluster 9.5-main...
[[0;32m  OK  [0m] Started ACPI event daemon.
[[0;32m  OK  [0m] Started Regular background program processing daemon.
         Starting Login Service...
         Starting LSB: Record successful boot for GRUB...
[[0;32m  OK  [0m] Started FUSE filesystem for LXC.
         Starting LXD - container startup/shutdown...
         Starting OpenBSD Secure Shell server...
         Starting LSB: MD monitoring daemon...
[[0;32m  OK  [0m] Started /etc/rc.local Compatibility.
[[0;32m  OK  [0m] Started System Logging Service.
[[0;32m  OK  [0m] Started OpenBSD Secure Shell server.
[[0;32m  OK  [0m] Started Login to default iSCSI targets.
         Starting Authenticate and Authorize Users to Run Privileged Tasks...
[[0;32m  OK  [0m] Reached target Remote File Systems (Pre).
[[0;32m  OK  [0m] Reached target Remote File Systems.
         Starting LSB: Set the CPU Frequency Scaling governor to "ondemand"...
         Starting LSB: daemon to balance interrupts for SMP systems...
         Starting Permit User Sessions...
         Starting LSB: Start/stop sysstat's sadc...
         Starting LSB: VirtualBox Linux Additions...
         Starting LSB: automatic crash report generation...
[[0;32m  OK  [0m] Started LSB: Record successful boot for GRUB.
[[0;32m  OK  [0m] Started LSB: MD monitoring daemon.
[[0;32m  OK  [0m] Started Permit User Sessions.
[[0;32m  OK  [0m] Started Login Service.
[[0;32m  OK  [0m] Started LXD - container startup/shutdown.
[[0;32m  OK  [0m] Started Authenticate and Authorize Users to Run Privileged Tasks.
[[0;32m  OK  [0m] Started Accounts Service.
         Starting Hold until boot process finishes up...
         Starting Terminate Plymouth Boot Screen...
[[0;32m  OK  [0m] Started LSB: Set the CPU Frequency Scaling governor to "ondemand".
[[0;32m  OK  [0m] Started LSB: Start/stop sysstat's sadc.
[[0;32m  OK  [0m] Started LSB: automatic crash report generation.
[[0;32m  OK  [0m] Started Hold until boot process finishes up.
[[0;32m  OK  [0m] Started LSB: VirtualBox Linux Additions.
[[0;32m  OK  [0m] Started Terminate Plymouth Boot Screen.
[[0;32m  OK  [0m] Started Serial Getty on ttyS0.
         Starting Set console scheme...
[[0;32m  OK  [0m] Started Getty on tty1.
[[0;32m  OK  [0m] Reached target Login Prompts.
[[0;32m  OK  [0m] Started LSB: daemon to balance interrupts for SMP systems.
[[0;32m  OK  [0m] Started Set console scheme.
[   18.089588] cloud-init[1077]: Cloud-init v. 0.7.8 running 'modules:config' at Wed, 25 Jan 2017 17:50:07 +0000. Up 18.02 seconds.
[[0;32m  OK  [0m] Started Apply the settings specified in cloud-config.
[[0;32m  OK  [0m] Started PostgreSQL Cluster 9.5-main.
         Starting PostgreSQL RDBMS...
[[0;32m  OK  [0m] Started PostgreSQL RDBMS.
[[0;32m  OK  [0m] Reached target Multi-User System.
         Starting Execute cloud user/final scripts...
[[0;32m  OK  [0m] Reached target Graphical Interface.
         Starting Notify bootloader that boot was successful...
         Starting Update UTMP about System Runlevel Changes...
[[0;32m  OK  [0m] Started Notify bootloader that boot was successful.
[[0;32m  OK  [0m] Started Update UTMP about System Runlevel Changes.
[   20.290040] cloud-init[1275]: Cloud-init v. 0.7.8 running 'modules:final' at Wed, 25 Jan 2017 17:50:10 +0000. Up 20.20 seconds.
[   20.396363] cloud-init[1275]: Cloud-init v. 0.7.8 finished at Wed, 25 Jan 2017 17:50:10 +0000. Datasource DataSourceNoCloud [seed=/dev/sdb][dsmode=net].  Up 20.28 seconds
[[0;32m  OK  [0m] Started Execute cloud user/final scripts.
[[0;32m  OK  [0m] Reached target Cloud-init target.

Ubuntu 16.04.1 LTS experteese ttyS0

experteese login:          Starting Unatn[[0;32m  OK  [0m] Unmounted /var/lib/lxcfs.
[[0;32m  OK  [0m] Stopped Deferred execution scheduler.
[[0;32m  OK  [0m] Stopped Accounts Service.
[[0;32m  OK  [0m] Stopped Snappy daemon.
[[0;32m  OK  [0m] Stopped System Logging Service.
[[0;32m  OK  [0m] Stopped ACPI event daemon.
[[0;32m  OK  [0m] Stopped Regular background program processing daemon.
[[0;32m  OK  [0m] Stopped OpenBSD Secure Shell server.
[[0;32m  OK  [0m] Stopped Authenticate and Authorize Users to Run Privileged Tasks.
[[0;32m  OK  [0m] Stopped Serial Getty on ttyS0.
[[0;32m  OK  [0m] Stopped Getty on tty1.
[[0;32m  OK  [0m] Stopped User Manager for UID 1000.
[[0;32m  OK  [0m] Started Unattended Upgrades Shutdown.
[[0;32m  OK  [0m] Stopped D-Bus System Message Bus.
[[0;32m  OK  [0m] Stopped Session 8 of user ubuntu.
[[0;32m  OK  [0m] Stopped FUSE filesystem for LXC.
[[0;32m  OK  [0m] Stopped LSB: Start/stop sysstat's sadc.
[[0;32m  OK  [0m] Stopped LSB: daemon to balance interrupts for SMP systems.
[[0;32m  OK  [0m] Stopped LSB: MD monitoring daemon.
[[0;32m  OK  [0m] Stopped LXD - container startup/shutdown.
[[0;32m  OK  [0m] Stopped LSB: Record successful boot for GRUB.
[[0;32m  OK  [0m] Stopped LSB: Set the CPU Frequency Scaling governor to "ondemand".
[[0;32m  OK  [0m] Stopped LSB: VirtualBox Linux Additions.
[[0;32m  OK  [0m] Stopped LSB: automatic crash report generation.
[[0;32m  OK  [0m] Removed slice User Slice of ubuntu.
         Stopping Login Service...
[[0;32m  OK  [0m] Removed slice system-getty.slice.
[[0;32m  OK  [0m] Removed slice system-serial\x2dgetty.slice.
[[0;32m  OK  [0m] Stopped /etc/rc.local Compatibility.
         Stopping Permit User Sessions...
[[0;32m  OK  [0m] Stopped Login Service.
[[0;32m  OK  [0m] Stopped PostgreSQL Cluster 9.5-main.
[[0;32m  OK  [0m] Stopped Permit User Sessions.
[[0;32m  OK  [0m] Stopped target Remote File Systems.
[[0;32m  OK  [0m] Stopped target Remote File Systems (Pre).
         Stopping Login to default iSCSI targets...
[[0;32m  OK  [0m] Removed slice system-postgresql.slice.
[[0;32m  OK  [0m] Stopped target User and Group Name Lookups.
[[0;32m  OK  [0m] Stopped target Basic System.
[[0;32m  OK  [0m] Stopped target Paths.
[[0;32m  OK  [0m] Stopped Dispatch Password Requests to Console Directory Watch.
[[0;32m  OK  [0m] Stopped ACPI Events Check.
[[0;32m  OK  [0m] Stopped Forward Password Requests to Wall Directory Watch.
[[0;32m  OK  [0m] Stopped Trigger resolvconf update for networkd DNS.
[[0;32m  OK  [0m] Stopped target Sockets.
[[0;32m  OK  [0m] Closed D-Bus System Message Bus Socket.
[[0;32m  OK  [0m] Closed ACPID Listen Socket.
[[0;32m  OK  [0m] Closed LXD - unix socket.
[[0;32m  OK  [0m] Closed Socket activation for snappy daemon.
[[0;32m  OK  [0m] Closed Syslog Socket.
[[0;32m  OK  [0m] Closed UUID daemon activation socket.
[[0;32m  OK  [0m] Stopped target System Initialization.
         Stopping Update UTMP about System Boot/Shutdown...
[[0;32m  OK  [0m] Stopped target Encrypted Volumes.
[[0;32m  OK  [0m] Stopped target Swap.
         Stopping Load/Save Random Seed...
[[0;32m  OK  [0m] Stopped target Slices.
[[0;32m  OK  [0m] Removed slice User and Session Slice.
[[0;32m  OK  [0m] Stopped Load/Save Random Seed.
[[0;32m  OK  [0m] Stopped Login to default iSCSI targets.
[[0;32m  OK  [0m] Stopped Update UTMP about System Boot/Shutdown.
[[0;32m  OK  [0m] Stopped Create Volatile Files and Directories.
         Stopping iSCSI initiator daemon (iscsid)...
[[0;32m  OK  [0m] Stopped iSCSI initiator daemon (iscsid).
[[0;32m  OK  [0m] Stopped target Network is Online.
[[0;32m  OK  [0m] Stopped target Network.
[[0;32m  OK  [0m] Stopped Initial cloud-init job (metadata service crawler).
         Stopping Raise network interfaces...
[[0;32m  OK  [0m] Stopped Raise network interfaces.
[[0;32m  OK  [0m] Stopped target Network (Pre).
[[0;32m  OK  [0m] Stopped Initial cloud-init job (pre-networking).
[[0;32m  OK  [0m] Stopped target Local File Systems.
         Unmounting /run/user/1000...
         Unmounting /vagrant...
[[0;32m  OK  [0m] Stopped Apply Kernel Variables.
[[0;32m  OK  [0m] Stopped Load Kernel Modules.
[[0;32m  OK  [0m] Unmounted /run/user/1000.
[[0;32m  OK  [0m] Unmounted /vagrant.
[[0;32m  OK  [0m] Reached target Unmount All Filesystems.
[[0;32m  OK  [0m] Stopped target Local File Systems (Pre).
         Stopping Monitoring of LVM2 mirrors... dmeventd or progress polling...
[[0;32m  OK  [0m] Stopped Create Static Device Nodes in /dev.
[[0;32m  OK  [0m] Stopped Remount Root and Kernel File Systems.
[[0;32m  OK  [0m] Reached target Shutdown.
[ 1579.077197] reboot: Power down
